/Users/shawn/PycharmProjects/sauce-api/.venv/lib/python3.12/site-packages/airflow/configuration.py:859 FutureWarning: section/key [core/sql_alchemy_conn] has been deprecated, you should use[database/sql_alchemy_conn] instead. Please update your `conf.get*` call to use the new name
/Users/shawn/PycharmProjects/sauce-api/.venv/lib/python3.12/site-packages/airflow/configuration.py:859 FutureWarning: section/key [core/sql_alchemy_conn] has been deprecated, you should use[database/sql_alchemy_conn] instead. Please update your `conf.get*` call to use the new name
/Users/shawn/PycharmProjects/sauce-api/.venv/lib/python3.12/site-packages/flask_limiter/extension.py:333 UserWarning: Using the in-memory storage for tracking rate limits as no storage was explicitly specified. This is not recommended for production use. See: https://flask-limiter.readthedocs.io#configuring-a-storage-backend for documentation about configuring the storage backend.
/Users/shawn/PycharmProjects/sauce-api/.venv/lib/python3.12/site-packages/airflow/providers/fab/auth_manager/fab_auth_manager.py:569 FutureWarning: section/key [webserver/update_fab_perms] has been deprecated, you should use[fab/update_fab_perms] instead. Please update your `conf.get*` call to use the new name
[2024-12-14 09:50:02 -0600] [50865] [INFO] Starting gunicorn 23.0.0

Error: Already running on PID 50370 (or pid file '/Users/shawn/airflow/airflow-webserver.pid' is stale)

  ____________       _____________
 ____    |__( )_________  __/__  /________      __
____  /| |_  /__  ___/_  /_ __  /_  __ \_ | /| / /
___  ___ |  / _  /   _  __/ _  / / /_/ /_ |/ |/ /
 _/_/  |_/_/  /_/    /_/    /_/  \____/____/|__/
Running the Gunicorn Server with:
Workers: 4 sync
Host: 0.0.0.0:8080
Timeout: 120
Logfiles: - -
Access Logformat: 
=================================================================
[2024-12-14T09:51:59.538-0600] {webserver_command.py:223} ERROR - No response from gunicorn master within 120 seconds
[2024-12-14T09:51:59.552-0600] {webserver_command.py:224} ERROR - Shutting down webserver
